<?xml version="1.0" encoding="UTF-8"?>
<coverage generated="1578593628">
  <project timestamp="1578593628">
    <file name="C:\xampp\htdocs\Group-J---Digital-Student-Record\classes\administrator.class.php">
      <class name="administrator" namespace="global">
        <metrics complexity="19" methods="4" coveredmethods="1" conditionals="0" coveredconditionals="0" statements="62" coveredstatements="46" elements="66" coveredelements="47"/>
      </class>
      <line num="9" type="method" name="__construct" visibility="public" complexity="1" crap="1" count="3"/>
      <line num="10" type="stmt" count="3"/>
      <line num="11" type="stmt" count="3"/>
      <line num="26" type="method" name="register_new_user" complexity="14" crap="16.33" count="3"/>
      <line num="27" type="stmt" count="3"/>
      <line num="28" type="stmt" count="3"/>
      <line num="29" type="stmt" count="3"/>
      <line num="30" type="stmt" count="1"/>
      <line num="34" type="stmt" count="3"/>
      <line num="35" type="stmt" count="0"/>
      <line num="38" type="stmt" count="3"/>
      <line num="39" type="stmt" count="3"/>
      <line num="40" type="stmt" count="3"/>
      <line num="41" type="stmt" count="0"/>
      <line num="46" type="stmt" count="3"/>
      <line num="47" type="stmt" count="3"/>
      <line num="49" type="stmt" count="3"/>
      <line num="50" type="stmt" count="3"/>
      <line num="51" type="stmt" count="3"/>
      <line num="53" type="stmt" count="3"/>
      <line num="54" type="stmt" count="3"/>
      <line num="55" type="stmt" count="0"/>
      <line num="56" type="stmt" count="0"/>
      <line num="59" type="stmt" count="3"/>
      <line num="60" type="stmt" count="3"/>
      <line num="64" type="stmt" count="3"/>
      <line num="65" type="stmt" count="3"/>
      <line num="66" type="stmt" count="3"/>
      <line num="67" type="stmt" count="3"/>
      <line num="68" type="stmt" count="3"/>
      <line num="71" type="stmt" count="0"/>
      <line num="73" type="stmt" count="3"/>
      <line num="75" type="stmt" count="3"/>
      <line num="76" type="stmt" count="3"/>
      <line num="77" type="stmt" count="2"/>
      <line num="78" type="stmt" count="2"/>
      <line num="79" type="stmt" count="2"/>
      <line num="80" type="stmt" count="2"/>
      <line num="81" type="stmt" count="1"/>
      <line num="82" type="stmt" count="1"/>
      <line num="83" type="stmt" count="1"/>
      <line num="84" type="stmt" count="1"/>
      <line num="85" type="stmt" count="1"/>
      <line num="87" type="stmt" count="0"/>
      <line num="88" type="stmt" count="0"/>
      <line num="89" type="stmt" count="0"/>
      <line num="92" type="stmt" count="3"/>
      <line num="93" type="stmt" count="0"/>
      <line num="94" type="stmt" count="3"/>
      <line num="95" type="stmt" count="3"/>
      <line num="96" type="stmt" count="0"/>
      <line num="98" type="stmt" count="0"/>
      <line num="99" type="stmt" count="0"/>
      <line num="104" type="stmt" count="3"/>
      <line num="105" type="stmt" count="3"/>
      <line num="107" type="stmt" count="3"/>
      <line num="108" type="stmt" count="3"/>
      <line num="109" type="stmt" count="3"/>
      <line num="110" type="stmt" count="3"/>
      <line num="111" type="stmt" count="0"/>
      <line num="113" type="stmt" count="3"/>
      <line num="120" type="method" name="is_admin" visibility="public" complexity="2" crap="6" count="0"/>
      <line num="121" type="stmt" count="0"/>
      <line num="129" type="method" name="is_logged" visibility="public" complexity="2" crap="6" count="0"/>
      <line num="130" type="stmt" count="0"/>
      <line num="131" type="stmt" count="0"/>
      <metrics loc="133" ncloc="91" classes="1" methods="4" coveredmethods="1" conditionals="0" coveredconditionals="0" statements="62" coveredstatements="46" elements="66" coveredelements="47"/>
    </file>
    <file name="C:\xampp\htdocs\Group-J---Digital-Student-Record\classes\calendar.class.php">
      <class name="calendar" namespace="global">
        <metrics complexity="36" methods="9" coveredmethods="4" conditionals="0" coveredconditionals="0" statements="96" coveredstatements="60" elements="105" coveredelements="64"/>
      </class>
      <line num="7" type="method" name="validate_date" visibility="public" complexity="2" crap="2" count="10"/>
      <line num="9" type="stmt" count="10"/>
      <line num="11" type="stmt" count="10"/>
      <line num="14" type="method" name="is_holiday" visibility="public" complexity="8" crap="8.22" count="8"/>
      <line num="17" type="stmt" count="8"/>
      <line num="19" type="stmt" count="8"/>
      <line num="20" type="stmt" count="8"/>
      <line num="21" type="stmt" count="0"/>
      <line num="22" type="stmt" count="0"/>
      <line num="24" type="stmt" count="8"/>
      <line num="26" type="stmt" count="8"/>
      <line num="27" type="stmt" count="8"/>
      <line num="29" type="stmt" count="1"/>
      <line num="33" type="stmt" count="8"/>
      <line num="34" type="stmt" count="8"/>
      <line num="35" type="stmt" count="0"/>
      <line num="38" type="stmt" count="8"/>
      <line num="39" type="stmt" count="8"/>
      <line num="40" type="stmt" count="8"/>
      <line num="41" type="stmt" count="8"/>
      <line num="42" type="stmt" count="1"/>
      <line num="43" type="stmt" count="1"/>
      <line num="46" type="stmt" count="8"/>
      <line num="47" type="stmt" count="8"/>
      <line num="50" type="method" name="by_the_end_of_the_week" visibility="public" complexity="4" crap="4" count="10"/>
      <line num="53" type="stmt" count="10"/>
      <line num="54" type="stmt" count="10"/>
      <line num="56" type="stmt" count="10"/>
      <line num="57" type="stmt" count="3"/>
      <line num="60" type="stmt" count="10"/>
      <line num="61" type="stmt" count="5"/>
      <line num="64" type="stmt" count="8"/>
      <line num="65" type="stmt" count="8"/>
      <line num="66" type="stmt" count="8"/>
      <line num="67" type="stmt" count="1"/>
      <line num="68" type="stmt" count="8"/>
      <line num="72" type="method" name="get_hours_per_school_day" visibility="public" complexity="1" crap="1" count="4"/>
      <line num="74" type="stmt" count="4"/>
      <line num="77" type="method" name="get_days_per_school_week" visibility="public" complexity="1" crap="2" count="0"/>
      <line num="79" type="stmt" count="0"/>
      <line num="89" type="method" name="timestamp_to_date" visibility="public" complexity="1" crap="1" count="1"/>
      <line num="91" type="stmt" count="1"/>
      <line num="92" type="stmt" count="1"/>
      <line num="93" type="stmt" count="1"/>
      <line num="94" type="stmt" count="1"/>
      <line num="97" type="method" name="from_num_to_dow" visibility="public" complexity="6" crap="42" count="0"/>
      <line num="98" type="stmt" count="0"/>
      <line num="99" type="stmt" count="0"/>
      <line num="100" type="stmt" count="0"/>
      <line num="101" type="stmt" count="0"/>
      <line num="102" type="stmt" count="0"/>
      <line num="103" type="stmt" count="0"/>
      <line num="104" type="stmt" count="0"/>
      <line num="105" type="stmt" count="0"/>
      <line num="106" type="stmt" count="0"/>
      <line num="107" type="stmt" count="0"/>
      <line num="108" type="stmt" count="0"/>
      <line num="109" type="stmt" count="0"/>
      <line num="110" type="stmt" count="0"/>
      <line num="111" type="stmt" count="0"/>
      <line num="112" type="stmt" count="0"/>
      <line num="113" type="stmt" count="0"/>
      <line num="114" type="stmt" count="0"/>
      <line num="116" type="stmt" count="0"/>
      <line num="119" type="method" name="from_dow_to_num" visibility="public" complexity="6" crap="6.40" count="2"/>
      <line num="120" type="stmt" count="2"/>
      <line num="121" type="stmt" count="2"/>
      <line num="122" type="stmt" count="2"/>
      <line num="123" type="stmt" count="1"/>
      <line num="124" type="stmt" count="1"/>
      <line num="125" type="stmt" count="2"/>
      <line num="126" type="stmt" count="0"/>
      <line num="127" type="stmt" count="0"/>
      <line num="128" type="stmt" count="2"/>
      <line num="129" type="stmt" count="1"/>
      <line num="130" type="stmt" count="1"/>
      <line num="131" type="stmt" count="2"/>
      <line num="132" type="stmt" count="1"/>
      <line num="133" type="stmt" count="1"/>
      <line num="134" type="stmt" count="1"/>
      <line num="135" type="stmt" count="0"/>
      <line num="136" type="stmt" count="0"/>
      <line num="138" type="stmt" count="2"/>
      <line num="141" type="method" name="from_hour_to_slot" visibility="public" complexity="7" crap="12.29" count="1"/>
      <line num="142" type="stmt" count="1"/>
      <line num="143" type="stmt" count="1"/>
      <line num="144" type="stmt" count="1"/>
      <line num="145" type="stmt" count="1"/>
      <line num="146" type="stmt" count="1"/>
      <line num="147" type="stmt" count="1"/>
      <line num="148" type="stmt" count="0"/>
      <line num="149" type="stmt" count="0"/>
      <line num="150" type="stmt" count="1"/>
      <line num="151" type="stmt" count="0"/>
      <line num="152" type="stmt" count="0"/>
      <line num="153" type="stmt" count="1"/>
      <line num="154" type="stmt" count="0"/>
      <line num="155" type="stmt" count="0"/>
      <line num="156" type="stmt" count="1"/>
      <line num="157" type="stmt" count="0"/>
      <line num="158" type="stmt" count="0"/>
      <line num="159" type="stmt" count="1"/>
      <line num="160" type="stmt" count="0"/>
      <line num="161" type="stmt" count="0"/>
      <line num="164" type="stmt" count="1"/>
      <metrics loc="166" ncloc="129" classes="1" methods="9" coveredmethods="4" conditionals="0" coveredconditionals="0" statements="96" coveredstatements="60" elements="105" coveredelements="64"/>
    </file>
    <file name="C:\xampp\htdocs\Group-J---Digital-Student-Record\classes\officer.class.php">
      <class name="officer" namespace="global">
        <metrics complexity="114" methods="24" coveredmethods="8" conditionals="0" coveredconditionals="0" statements="307" coveredstatements="261" elements="331" coveredelements="269"/>
      </class>
      <line num="9" type="method" name="__construct" visibility="public" complexity="1" crap="1" count="21"/>
      <line num="10" type="stmt" count="21"/>
      <line num="11" type="stmt" count="21"/>
      <line num="14" type="method" name="get_officer_ID" visibility="public" complexity="2" crap="2" count="3"/>
      <line num="15" type="stmt" count="3"/>
      <line num="20" type="method" name="enroll_student" visibility="public" complexity="6" crap="6.03" count="1"/>
      <line num="21" type="stmt" count="1"/>
      <line num="22" type="stmt" count="1"/>
      <line num="23" type="stmt" count="1"/>
      <line num="27" type="stmt" count="1"/>
      <line num="28" type="stmt" count="0"/>
      <line num="30" type="stmt" count="1"/>
      <line num="32" type="stmt" count="1"/>
      <line num="33" type="stmt" count="1"/>
      <line num="36" type="stmt" count="1"/>
      <line num="37" type="stmt" count="1"/>
      <line num="38" type="stmt" count="1"/>
      <line num="48" type="method" name="get_classID_from_yearSection" visibility="public" complexity="5" crap="5" count="1"/>
      <line num="49" type="stmt" count="1"/>
      <line num="50" type="stmt" count="1"/>
      <line num="52" type="stmt" count="1"/>
      <line num="53" type="stmt" count="1"/>
      <line num="54" type="stmt" count="1"/>
      <line num="55" type="stmt" count="1"/>
      <line num="56" type="stmt" count="1"/>
      <line num="57" type="stmt" count="1"/>
      <line num="58" type="stmt" count="1"/>
      <line num="59" type="stmt" count="1"/>
      <line num="68" type="method" name="add_new_user" visibility="public" complexity="8" crap="8.70" count="2"/>
      <line num="69" type="stmt" count="2"/>
      <line num="70" type="stmt" count="1"/>
      <line num="71" type="stmt" count="2"/>
      <line num="72" type="stmt" count="2"/>
      <line num="73" type="stmt" count="2"/>
      <line num="74" type="stmt" count="0"/>
      <line num="76" type="stmt" count="2"/>
      <line num="77" type="stmt" count="2"/>
      <line num="78" type="stmt" count="0"/>
      <line num="79" type="stmt" count="2"/>
      <line num="85" type="stmt" count="2"/>
      <line num="86" type="stmt" count="0"/>
      <line num="87" type="stmt" count="2"/>
      <line num="88" type="stmt" count="2"/>
      <line num="89" type="stmt" count="2"/>
      <line num="90" type="stmt" count="2"/>
      <line num="91" type="stmt" count="0"/>
      <line num="92" type="stmt" count="2"/>
      <line num="101" type="method" name="add_new_parent" visibility="public" complexity="6" crap="6.05" count="1"/>
      <line num="102" type="stmt" count="1"/>
      <line num="103" type="stmt" count="1"/>
      <line num="104" type="stmt" count="1"/>
      <line num="105" type="stmt" count="1"/>
      <line num="106" type="stmt" count="0"/>
      <line num="107" type="stmt" count="1"/>
      <line num="108" type="stmt" count="1"/>
      <line num="109" type="stmt" count="1"/>
      <line num="110" type="stmt" count="1"/>
      <line num="111" type="stmt" count="1"/>
      <line num="112" type="stmt" count="1"/>
      <line num="113" type="stmt" count="1"/>
      <line num="114" type="stmt" count="1"/>
      <line num="115" type="stmt" count="0"/>
      <line num="116" type="stmt" count="1"/>
      <line num="117" type="stmt" count="1"/>
      <line num="118" type="stmt" count="1"/>
      <line num="120" type="stmt" count="1"/>
      <line num="131" type="method" name="remove_user" visibility="public" complexity="6" crap="6.10" count="1"/>
      <line num="132" type="stmt" count="1"/>
      <line num="133" type="stmt" count="1"/>
      <line num="134" type="stmt" count="1"/>
      <line num="135" type="stmt" count="1"/>
      <line num="136" type="stmt" count="1"/>
      <line num="137" type="stmt" count="0"/>
      <line num="138" type="stmt" count="1"/>
      <line num="139" type="stmt" count="1"/>
      <line num="140" type="stmt" count="1"/>
      <line num="141" type="stmt" count="1"/>
      <line num="142" type="stmt" count="1"/>
      <line num="143" type="stmt" count="1"/>
      <line num="144" type="stmt" count="1"/>
      <line num="145" type="stmt" count="0"/>
      <line num="146" type="stmt" count="1"/>
      <line num="147" type="stmt" count="1"/>
      <line num="149" type="stmt" count="1"/>
      <line num="150" type="stmt" count="1"/>
      <line num="151" type="stmt" count="0"/>
      <line num="152" type="stmt" count="1"/>
      <line num="153" type="stmt" count="1"/>
      <line num="156" type="method" name="get_parents_without_access_credentials" visibility="public" complexity="3" crap="3.01" count="2"/>
      <line num="157" type="stmt" count="2"/>
      <line num="160" type="stmt" count="2"/>
      <line num="161" type="stmt" count="2"/>
      <line num="162" type="stmt" count="0"/>
      <line num="163" type="stmt" count="2"/>
      <line num="164" type="stmt" count="2"/>
      <line num="165" type="stmt" count="2"/>
      <line num="166" type="stmt" count="2"/>
      <line num="168" type="stmt" count="2"/>
      <line num="169" type="stmt" count="2"/>
      <line num="172" type="method" name="generate_and_register_password" visibility="public" complexity="4" crap="4.06" count="1"/>
      <line num="173" type="stmt" count="1"/>
      <line num="176" type="stmt" count="1"/>
      <line num="178" type="stmt" count="1"/>
      <line num="179" type="stmt" count="1"/>
      <line num="180" type="stmt" count="1"/>
      <line num="182" type="stmt" count="1"/>
      <line num="183" type="stmt" count="1"/>
      <line num="184" type="stmt" count="1"/>
      <line num="185" type="stmt" count="0"/>
      <line num="186" type="stmt" count="1"/>
      <line num="187" type="stmt" count="1"/>
      <line num="188" type="stmt" count="0"/>
      <line num="189" type="stmt" count="1"/>
      <line num="196" type="method" name="get_class_list" visibility="public" complexity="3" crap="3.01" count="1"/>
      <line num="197" type="stmt" count="1"/>
      <line num="199" type="stmt" count="1"/>
      <line num="200" type="stmt" count="1"/>
      <line num="201" type="stmt" count="0"/>
      <line num="202" type="stmt" count="1"/>
      <line num="203" type="stmt" count="1"/>
      <line num="204" type="stmt" count="1"/>
      <line num="205" type="stmt" count="1"/>
      <line num="207" type="stmt" count="1"/>
      <line num="208" type="stmt" count="1"/>
      <line num="216" type="method" name="get_students_by_class_ID" visibility="public" complexity="3" crap="3" count="3"/>
      <line num="217" type="stmt" count="3"/>
      <line num="219" type="stmt" count="3"/>
      <line num="220" type="stmt" count="3"/>
      <line num="221" type="stmt" count="2"/>
      <line num="222" type="stmt" count="3"/>
      <line num="223" type="stmt" count="3"/>
      <line num="224" type="stmt" count="3"/>
      <line num="225" type="stmt" count="3"/>
      <line num="227" type="stmt" count="3"/>
      <line num="228" type="stmt" count="3"/>
      <line num="235" type="method" name="retrieve_classless_students" visibility="public" complexity="1" crap="1" count="2"/>
      <line num="236" type="stmt" count="2"/>
      <line num="245" type="method" name="remove_student_from_class" visibility="public" complexity="2" crap="2.03" count="1"/>
      <line num="246" type="stmt" count="1"/>
      <line num="249" type="stmt" count="1"/>
      <line num="250" type="stmt" count="1"/>
      <line num="251" type="stmt" count="1"/>
      <line num="253" type="stmt" count="1"/>
      <line num="255" type="stmt" count="1"/>
      <line num="258" type="stmt" count="0"/>
      <line num="259" type="stmt" count="0"/>
      <line num="261" type="stmt" count="1"/>
      <line num="262" type="stmt" count="1"/>
      <line num="270" type="method" name="add_student_to_class" visibility="public" complexity="2" crap="2.01" count="1"/>
      <line num="271" type="stmt" count="1"/>
      <line num="272" type="stmt" count="1"/>
      <line num="273" type="stmt" count="1"/>
      <line num="274" type="stmt" count="1"/>
      <line num="276" type="stmt" count="0"/>
      <line num="278" type="stmt" count="1"/>
      <line num="279" type="stmt" count="1"/>
      <line num="283" type="method" name="is_logged" visibility="public" complexity="2" crap="6" count="0"/>
      <line num="284" type="stmt" count="0"/>
      <line num="285" type="stmt" count="0"/>
      <line num="293" type="method" name="get_teacher_topic" visibility="public" complexity="3" crap="3" count="1"/>
      <line num="295" type="stmt" count="1"/>
      <line num="297" type="stmt" count="1"/>
      <line num="299" type="stmt" count="1"/>
      <line num="302" type="stmt" count="1"/>
      <line num="303" type="stmt" count="1"/>
      <line num="304" type="stmt" count="1"/>
      <line num="305" type="stmt" count="1"/>
      <line num="306" type="stmt" count="1"/>
      <line num="307" type="stmt" count="1"/>
      <line num="309" type="stmt" count="1"/>
      <line num="310" type="stmt" count="1"/>
      <line num="318" type="method" name="delete_timetable" visibility="public" complexity="2" crap="2.02" count="4"/>
      <line num="319" type="stmt" count="4"/>
      <line num="320" type="stmt" count="4"/>
      <line num="321" type="stmt" count="4"/>
      <line num="322" type="stmt" count="4"/>
      <line num="323" type="stmt" count="0"/>
      <line num="325" type="stmt" count="4"/>
      <line num="334" type="method" name="exists_timetable" visibility="public" complexity="2" crap="2" count="2"/>
      <line num="335" type="stmt" count="2"/>
      <line num="337" type="stmt" count="2"/>
      <line num="338" type="stmt" count="2"/>
      <line num="339" type="stmt" count="2"/>
      <line num="340" type="stmt" count="2"/>
      <line num="341" type="stmt" count="2"/>
      <line num="344" type="stmt" count="2"/>
      <line num="347" type="stmt" count="2"/>
      <line num="348" type="stmt" count="2"/>
      <line num="349" type="stmt" count="2"/>
      <line num="351" type="stmt" count="2"/>
      <line num="352" type="stmt" count="2"/>
      <line num="354" type="stmt" count="2"/>
      <line num="363" type="method" name="set_timetable_class" visibility="public" complexity="11" crap="11.12" count="3"/>
      <line num="365" type="stmt" count="3"/>
      <line num="366" type="stmt" count="1"/>
      <line num="368" type="stmt" count="3"/>
      <line num="369" type="stmt" count="0"/>
      <line num="371" type="stmt" count="3"/>
      <line num="372" type="stmt" count="3"/>
      <line num="373" type="stmt" count="3"/>
      <line num="374" type="stmt" count="3"/>
      <line num="375" type="stmt" count="3"/>
      <line num="376" type="stmt" count="3"/>
      <line num="377" type="stmt" count="3"/>
      <line num="380" type="stmt" count="3"/>
      <line num="382" type="stmt" count="1"/>
      <line num="386" type="stmt" count="1"/>
      <line num="387" type="stmt" count="3"/>
      <line num="389" type="stmt" count="3"/>
      <line num="390" type="stmt" count="3"/>
      <line num="391" type="stmt" count="3"/>
      <line num="392" type="stmt" count="3"/>
      <line num="393" type="stmt" count="3"/>
      <line num="394" type="stmt" count="3"/>
      <line num="395" type="stmt" count="3"/>
      <line num="396" type="stmt" count="3"/>
      <line num="398" type="stmt" count="0"/>
      <line num="400" type="stmt" count="3"/>
      <line num="401" type="stmt" count="0"/>
      <line num="403" type="stmt" count="3"/>
      <line num="405" type="stmt" count="3"/>
      <line num="406" type="stmt" count="3"/>
      <line num="408" type="stmt" count="3"/>
      <line num="417" type="method" name="check_weekly_hours" visibility="public" complexity="10" crap="10" count="3"/>
      <line num="419" type="stmt" count="3"/>
      <line num="420" type="stmt" count="1"/>
      <line num="423" type="stmt" count="3"/>
      <line num="425" type="stmt" count="3"/>
      <line num="427" type="stmt" count="3"/>
      <line num="428" type="stmt" count="3"/>
      <line num="429" type="stmt" count="3"/>
      <line num="432" type="stmt" count="3"/>
      <line num="433" type="stmt" count="3"/>
      <line num="434" type="stmt" count="3"/>
      <line num="435" type="stmt" count="3"/>
      <line num="436" type="stmt" count="3"/>
      <line num="437" type="stmt" count="3"/>
      <line num="438" type="stmt" count="1"/>
      <line num="443" type="stmt" count="3"/>
      <line num="444" type="stmt" count="3"/>
      <line num="445" type="stmt" count="1"/>
      <line num="447" type="stmt" count="3"/>
      <line num="454" type="method" name="get_timetable_by_class" visibility="public" complexity="12" crap="12.46" count="1"/>
      <line num="455" type="stmt" count="1"/>
      <line num="456" type="stmt" count="1"/>
      <line num="457" type="stmt" count="1"/>
      <line num="458" type="stmt" count="1"/>
      <line num="459" type="stmt" count="1"/>
      <line num="460" type="stmt" count="1"/>
      <line num="464" type="stmt" count="1"/>
      <line num="467" type="stmt" count="1"/>
      <line num="468" type="stmt" count="1"/>
      <line num="469" type="stmt" count="0"/>
      <line num="472" type="stmt" count="1"/>
      <line num="477" type="stmt" count="1"/>
      <line num="478" type="stmt" count="1"/>
      <line num="482" type="stmt" count="1"/>
      <line num="489" type="stmt" count="1"/>
      <line num="494" type="stmt" count="1"/>
      <line num="508" type="stmt" count="1"/>
      <line num="509" type="stmt" count="1"/>
      <line num="510" type="stmt" count="0"/>
      <line num="512" type="stmt" count="1"/>
      <line num="513" type="stmt" count="1"/>
      <line num="514" type="stmt" count="0"/>
      <line num="516" type="stmt" count="1"/>
      <line num="521" type="stmt" count="1"/>
      <line num="522" type="stmt" count="1"/>
      <line num="523" type="stmt" count="1"/>
      <line num="524" type="stmt" count="1"/>
      <line num="525" type="stmt" count="1"/>
      <line num="529" type="stmt" count="1"/>
      <line num="530" type="stmt" count="1"/>
      <line num="531" type="stmt" count="1"/>
      <line num="534" type="stmt" count="0"/>
      <line num="539" type="stmt" count="1"/>
      <line num="542" type="stmt" count="0"/>
      <line num="555" type="method" name="publish_communication" visibility="public" complexity="7" crap="8.81" count="1"/>
      <line num="556" type="stmt" count="1"/>
      <line num="557" type="stmt" count="1"/>
      <line num="558" type="stmt" count="0"/>
      <line num="559" type="stmt" count="1"/>
      <line num="560" type="stmt" count="0"/>
      <line num="561" type="stmt" count="1"/>
      <line num="562" type="stmt" count="0"/>
      <line num="563" type="stmt" count="1"/>
      <line num="564" type="stmt" count="1"/>
      <line num="565" type="stmt" count="1"/>
      <line num="566" type="stmt" count="1"/>
      <line num="567" type="stmt" count="1"/>
      <line num="568" type="stmt" count="0"/>
      <line num="570" type="stmt" count="1"/>
      <line num="573" type="stmt" count="0"/>
      <line num="582" type="method" name="get_teacher_data" visibility="public" complexity="3" crap="3.01" count="1"/>
      <line num="583" type="stmt" count="1"/>
      <line num="584" type="stmt" count="1"/>
      <line num="585" type="stmt" count="1"/>
      <line num="588" type="stmt" count="1"/>
      <line num="589" type="stmt" count="0"/>
      <line num="591" type="stmt" count="1"/>
      <line num="592" type="stmt" count="1"/>
      <line num="593" type="stmt" count="1"/>
      <line num="594" type="stmt" count="1"/>
      <line num="596" type="stmt" count="1"/>
      <line num="599" type="method" name="register_teacher_data" visibility="public" complexity="10" crap="19.83" count="2"/>
      <line num="600" type="stmt" count="2"/>
      <line num="603" type="stmt" count="1"/>
      <line num="604" type="stmt" count="1"/>
      <line num="605" type="stmt" count="1"/>
      <line num="606" type="stmt" count="1"/>
      <line num="607" type="stmt" count="0"/>
      <line num="608" type="stmt" count="0"/>
      <line num="609" type="stmt" count="0"/>
      <line num="611" type="stmt" count="1"/>
      <line num="612" type="stmt" count="1"/>
      <line num="613" type="stmt" count="0"/>
      <line num="614" type="stmt" count="0"/>
      <line num="615" type="stmt" count="0"/>
      <line num="617" type="stmt" count="1"/>
      <line num="618" type="stmt" count="1"/>
      <line num="619" type="stmt" count="0"/>
      <line num="620" type="stmt" count="0"/>
      <line num="621" type="stmt" count="0"/>
      <line num="623" type="stmt" count="1"/>
      <line num="624" type="stmt" count="1"/>
      <line num="625" type="stmt" count="0"/>
      <line num="626" type="stmt" count="0"/>
      <line num="627" type="stmt" count="0"/>
      <line num="629" type="stmt" count="1"/>
      <line num="630" type="stmt" count="1"/>
      <line num="631" type="stmt" count="1"/>
      <metrics loc="632" ncloc="448" classes="1" methods="24" coveredmethods="8" conditionals="0" coveredconditionals="0" statements="307" coveredstatements="261" elements="331" coveredelements="269"/>
    </file>
    <file name="C:\xampp\htdocs\Group-J---Digital-Student-Record\classes\sparent.class.php">
      <class name="sparent" namespace="global">
        <metrics complexity="119" methods="28" coveredmethods="8" conditionals="0" coveredconditionals="0" statements="331" coveredstatements="263" elements="359" coveredelements="271"/>
      </class>
      <line num="9" type="method" name="__construct" visibility="public" complexity="1" crap="1" count="26"/>
      <line num="10" type="stmt" count="26"/>
      <line num="11" type="stmt" count="26"/>
      <line num="14" type="method" name="get_grades" visibility="public" complexity="4" crap="4.06" count="2"/>
      <line num="16" type="stmt" count="2"/>
      <line num="17" type="stmt" count="0"/>
      <line num="19" type="stmt" count="2"/>
      <line num="20" type="stmt" count="2"/>
      <line num="21" type="stmt" count="2"/>
      <line num="26" type="stmt" count="2"/>
      <line num="27" type="stmt" count="2"/>
      <line num="28" type="stmt" count="2"/>
      <line num="29" type="stmt" count="2"/>
      <line num="30" type="stmt" count="0"/>
      <line num="32" type="stmt" count="2"/>
      <line num="33" type="stmt" count="1"/>
      <line num="35" type="stmt" count="2"/>
      <line num="39" type="method" name="retrieve_and_register_childs" visibility="public" complexity="3" crap="3.00" count="1"/>
      <line num="40" type="stmt" count="1"/>
      <line num="41" type="stmt" count="1"/>
      <line num="42" type="stmt" count="1"/>
      <line num="43" type="stmt" count="1"/>
      <line num="48" type="stmt" count="1"/>
      <line num="49" type="stmt" count="1"/>
      <line num="50" type="stmt" count="1"/>
      <line num="55" type="stmt" count="1"/>
      <line num="56" type="stmt" count="0"/>
      <line num="59" type="stmt" count="1"/>
      <line num="61" type="stmt" count="1"/>
      <line num="63" type="stmt" count="1"/>
      <line num="64" type="stmt" count="1"/>
      <line num="67" type="method" name="get_homeworks" visibility="public" complexity="4" crap="4.06" count="1"/>
      <line num="68" type="stmt" count="1"/>
      <line num="69" type="stmt" count="0"/>
      <line num="71" type="stmt" count="1"/>
      <line num="72" type="stmt" count="1"/>
      <line num="73" type="stmt" count="1"/>
      <line num="85" type="stmt" count="1"/>
      <line num="86" type="stmt" count="1"/>
      <line num="87" type="stmt" count="1"/>
      <line num="88" type="stmt" count="1"/>
      <line num="89" type="stmt" count="0"/>
      <line num="91" type="stmt" count="1"/>
      <line num="92" type="stmt" count="1"/>
      <line num="94" type="stmt" count="1"/>
      <line num="103" type="method" name="get_absences_and_delays" visibility="public" complexity="11" crap="11.97" count="1"/>
      <line num="104" type="stmt" count="1"/>
      <line num="106" type="stmt" count="1"/>
      <line num="107" type="stmt" count="1"/>
      <line num="108" type="stmt" count="1"/>
      <line num="110" type="stmt" count="1"/>
      <line num="112" type="stmt" count="1"/>
      <line num="113" type="stmt" count="1"/>
      <line num="115" type="stmt" count="1"/>
      <line num="117" type="stmt" count="0"/>
      <line num="118" type="stmt" count="0"/>
      <line num="120" type="stmt" count="1"/>
      <line num="122" type="stmt" count="0"/>
      <line num="123" type="stmt" count="0"/>
      <line num="125" type="stmt" count="1"/>
      <line num="127" type="stmt" count="1"/>
      <line num="128" type="stmt" count="1"/>
      <line num="131" type="stmt" count="1"/>
      <line num="134" type="stmt" count="1"/>
      <line num="135" type="stmt" count="1"/>
      <line num="136" type="stmt" count="1"/>
      <line num="137" type="stmt" count="1"/>
      <line num="138" type="stmt" count="0"/>
      <line num="140" type="stmt" count="1"/>
      <line num="141" type="stmt" count="1"/>
      <line num="143" type="stmt" count="1"/>
      <line num="153" type="method" name="get_absences" visibility="public" complexity="11" crap="11.97" count="1"/>
      <line num="154" type="stmt" count="1"/>
      <line num="156" type="stmt" count="1"/>
      <line num="157" type="stmt" count="1"/>
      <line num="158" type="stmt" count="1"/>
      <line num="160" type="stmt" count="1"/>
      <line num="162" type="stmt" count="1"/>
      <line num="163" type="stmt" count="1"/>
      <line num="165" type="stmt" count="1"/>
      <line num="167" type="stmt" count="0"/>
      <line num="168" type="stmt" count="0"/>
      <line num="170" type="stmt" count="1"/>
      <line num="172" type="stmt" count="0"/>
      <line num="173" type="stmt" count="0"/>
      <line num="175" type="stmt" count="1"/>
      <line num="177" type="stmt" count="1"/>
      <line num="178" type="stmt" count="1"/>
      <line num="181" type="stmt" count="1"/>
      <line num="184" type="stmt" count="1"/>
      <line num="185" type="stmt" count="1"/>
      <line num="186" type="stmt" count="1"/>
      <line num="187" type="stmt" count="1"/>
      <line num="188" type="stmt" count="0"/>
      <line num="190" type="stmt" count="1"/>
      <line num="191" type="stmt" count="1"/>
      <line num="193" type="stmt" count="1"/>
      <line num="197" type="method" name="get_announcements" visibility="public" complexity="4" crap="4.06" count="1"/>
      <line num="198" type="stmt" count="1"/>
      <line num="199" type="stmt" count="1"/>
      <line num="200" type="stmt" count="1"/>
      <line num="201" type="stmt" count="1"/>
      <line num="202" type="stmt" count="1"/>
      <line num="203" type="stmt" count="0"/>
      <line num="204" type="stmt" count="1"/>
      <line num="205" type="stmt" count="1"/>
      <line num="206" type="stmt" count="1"/>
      <line num="207" type="stmt" count="0"/>
      <line num="209" type="stmt" count="1"/>
      <line num="210" type="stmt" count="1"/>
      <line num="212" type="stmt" count="1"/>
      <line num="216" type="method" name="set_current_child" visibility="public" complexity="1" crap="1" count="1"/>
      <line num="218" type="stmt" count="1"/>
      <line num="221" type="stmt" count="1"/>
      <line num="224" type="method" name="get_current_child" visibility="public" complexity="2" crap="2" count="3"/>
      <line num="225" type="stmt" count="3"/>
      <line num="229" type="method" name="get_parent_ID" visibility="public" complexity="2" crap="2" count="4"/>
      <line num="230" type="stmt" count="4"/>
      <line num="234" type="method" name="get_children_info" visibility="public" complexity="2" crap="2" count="1"/>
      <line num="235" type="stmt" count="1"/>
      <line num="236" type="stmt" count="1"/>
      <line num="237" type="stmt" count="1"/>
      <line num="238" type="stmt" count="1"/>
      <line num="242" type="method" name="is_logged" visibility="public" complexity="2" crap="2" count="1"/>
      <line num="243" type="stmt" count="1"/>
      <line num="244" type="stmt" count="1"/>
      <line num="247" type="method" name="get_child_stamp_by_id" visibility="public" complexity="4" crap="4.01" count="1"/>
      <line num="248" type="stmt" count="1"/>
      <line num="249" type="stmt" count="1"/>
      <line num="251" type="stmt" count="1"/>
      <line num="252" type="stmt" count="1"/>
      <line num="258" type="stmt" count="1"/>
      <line num="259" type="stmt" count="1"/>
      <line num="260" type="stmt" count="1"/>
      <line num="261" type="stmt" count="1"/>
      <line num="262" type="stmt" count="0"/>
      <line num="264" type="stmt" count="1"/>
      <line num="265" type="stmt" count="1"/>
      <line num="267" type="stmt" count="1"/>
      <line num="270" type="method" name="get_material_info" visibility="public" complexity="4" crap="4.01" count="1"/>
      <line num="271" type="stmt" count="1"/>
      <line num="272" type="stmt" count="1"/>
      <line num="275" type="stmt" count="1"/>
      <line num="276" type="stmt" count="1"/>
      <line num="277" type="stmt" count="1"/>
      <line num="282" type="stmt" count="1"/>
      <line num="283" type="stmt" count="1"/>
      <line num="284" type="stmt" count="1"/>
      <line num="286" type="stmt" count="1"/>
      <line num="287" type="stmt" count="0"/>
      <line num="289" type="stmt" count="1"/>
      <line num="290" type="stmt" count="1"/>
      <line num="292" type="stmt" count="1"/>
      <line num="300" type="method" name="get_num_unseen_notes" visibility="public" complexity="4" crap="4" count="1"/>
      <line num="301" type="stmt" count="1"/>
      <line num="302" type="stmt" count="1"/>
      <line num="304" type="stmt" count="1"/>
      <line num="311" type="method" name="set_current_num_unseen_notes" visibility="public" complexity="5" crap="5.03" count="2"/>
      <line num="312" type="stmt" count="2"/>
      <line num="313" type="stmt" count="2"/>
      <line num="315" type="stmt" count="2"/>
      <line num="316" type="stmt" count="1"/>
      <line num="317" type="stmt" count="1"/>
      <line num="319" type="stmt" count="0"/>
      <line num="322" type="stmt" count="2"/>
      <line num="323" type="stmt" count="1"/>
      <line num="325" type="stmt" count="2"/>
      <line num="326" type="stmt" count="2"/>
      <line num="333" type="method" name="get_unseen_notes" visibility="public" complexity="8" crap="8.19" count="3"/>
      <line num="334" type="stmt" count="3"/>
      <line num="335" type="stmt" count="3"/>
      <line num="336" type="stmt" count="3"/>
      <line num="337" type="stmt" count="3"/>
      <line num="338" type="stmt" count="2"/>
      <line num="346" type="stmt" count="2"/>
      <line num="347" type="stmt" count="2"/>
      <line num="356" type="stmt" count="0"/>
      <line num="357" type="stmt" count="3"/>
      <line num="358" type="stmt" count="3"/>
      <line num="359" type="stmt" count="0"/>
      <line num="360" type="stmt" count="3"/>
      <line num="361" type="stmt" count="2"/>
      <line num="363" type="stmt" count="2"/>
      <line num="364" type="stmt" count="3"/>
      <line num="365" type="stmt" count="3"/>
      <line num="366" type="stmt" count="3"/>
      <line num="367" type="stmt" count="0"/>
      <line num="368" type="stmt" count="3"/>
      <line num="369" type="stmt" count="3"/>
      <line num="371" type="stmt" count="3"/>
      <line num="378" type="method" name="get_notes" visibility="public" complexity="8" crap="8.01" count="1"/>
      <line num="380" type="stmt" count="1"/>
      <line num="381" type="stmt" count="1"/>
      <line num="382" type="stmt" count="1"/>
      <line num="384" type="stmt" count="1"/>
      <line num="385" type="stmt" count="1"/>
      <line num="392" type="stmt" count="1"/>
      <line num="393" type="stmt" count="1"/>
      <line num="401" type="stmt" count="1"/>
      <line num="402" type="stmt" count="1"/>
      <line num="403" type="stmt" count="1"/>
      <line num="404" type="stmt" count="1"/>
      <line num="405" type="stmt" count="1"/>
      <line num="406" type="stmt" count="1"/>
      <line num="407" type="stmt" count="1"/>
      <line num="409" type="stmt" count="1"/>
      <line num="410" type="stmt" count="0"/>
      <line num="412" type="stmt" count="1"/>
      <line num="413" type="stmt" count="1"/>
      <line num="415" type="stmt" count="1"/>
      <line num="422" type="method" name="set_notes_seen" visibility="public" complexity="3" crap="3" count="1"/>
      <line num="423" type="stmt" count="1"/>
      <line num="424" type="stmt" count="1"/>
      <line num="426" type="stmt" count="1"/>
      <line num="427" type="stmt" count="1"/>
      <line num="428" type="stmt" count="1"/>
      <line num="430" type="stmt" count="1"/>
      <line num="431" type="stmt" count="1"/>
      <line num="432" type="stmt" count="1"/>
      <line num="434" type="stmt" count="1"/>
      <line num="435" type="stmt" count="1"/>
      <line num="439" type="method" name="check_download_permission" visibility="public" complexity="2" crap="6" count="0"/>
      <line num="440" type="stmt" count="0"/>
      <line num="441" type="stmt" count="0"/>
      <line num="445" type="stmt" count="0"/>
      <line num="446" type="stmt" count="0"/>
      <line num="447" type="stmt" count="0"/>
      <line num="449" type="stmt" count="0"/>
      <line num="450" type="stmt" count="0"/>
      <line num="452" type="stmt" count="0"/>
      <line num="455" type="method" name="get_teacher_availability" visibility="public" complexity="4" crap="4.13" count="1"/>
      <line num="456" type="stmt" count="1"/>
      <line num="457" type="stmt" count="1"/>
      <line num="458" type="stmt" count="1"/>
      <line num="475" type="stmt" count="1"/>
      <line num="476" type="stmt" count="1"/>
      <line num="477" type="stmt" count="0"/>
      <line num="478" type="stmt" count="0"/>
      <line num="479" type="stmt" count="0"/>
      <line num="482" type="stmt" count="1"/>
      <line num="483" type="stmt" count="1"/>
      <line num="484" type="stmt" count="1"/>
      <line num="485" type="stmt" count="1"/>
      <line num="489" type="stmt" count="1"/>
      <line num="490" type="stmt" count="1"/>
      <line num="492" type="stmt" count="1"/>
      <line num="495" type="method" name="get_future_reservations_by_teacher_availability_id" visibility="public" complexity="4" crap="4.11" count="1"/>
      <line num="496" type="stmt" count="1"/>
      <line num="497" type="stmt" count="1"/>
      <line num="498" type="stmt" count="1"/>
      <line num="504" type="stmt" count="1"/>
      <line num="505" type="stmt" count="1"/>
      <line num="506" type="stmt" count="1"/>
      <line num="507" type="stmt" count="0"/>
      <line num="508" type="stmt" count="0"/>
      <line num="509" type="stmt" count="0"/>
      <line num="512" type="stmt" count="1"/>
      <line num="513" type="stmt" count="1"/>
      <line num="514" type="stmt" count="1"/>
      <line num="515" type="stmt" count="1"/>
      <line num="519" type="stmt" count="1"/>
      <line num="520" type="stmt" count="1"/>
      <line num="522" type="stmt" count="1"/>
      <line num="529" type="method" name="get_term_list" visibility="public" complexity="3" crap="3.01" count="1"/>
      <line num="530" type="stmt" count="1"/>
      <line num="531" type="stmt" count="1"/>
      <line num="532" type="stmt" count="1"/>
      <line num="533" type="stmt" count="1"/>
      <line num="534" type="stmt" count="1"/>
      <line num="535" type="stmt" count="1"/>
      <line num="536" type="stmt" count="1"/>
      <line num="537" type="stmt" count="0"/>
      <line num="538" type="stmt" count="1"/>
      <line num="539" type="stmt" count="1"/>
      <line num="540" type="stmt" count="1"/>
      <line num="549" type="method" name="get_term_stamp_by_id" visibility="public" complexity="3" crap="3.01" count="1"/>
      <line num="550" type="stmt" count="1"/>
      <line num="551" type="stmt" count="1"/>
      <line num="552" type="stmt" count="1"/>
      <line num="553" type="stmt" count="1"/>
      <line num="554" type="stmt" count="1"/>
      <line num="555" type="stmt" count="1"/>
      <line num="556" type="stmt" count="1"/>
      <line num="557" type="stmt" count="1"/>
      <line num="558" type="stmt" count="1"/>
      <line num="559" type="stmt" count="0"/>
      <line num="560" type="stmt" count="1"/>
      <line num="563" type="method" name="get_final_term_marks_by_studentID" visibility="public" complexity="4" crap="4.01" count="1"/>
      <line num="564" type="stmt" count="1"/>
      <line num="565" type="stmt" count="1"/>
      <line num="566" type="stmt" count="1"/>
      <line num="579" type="stmt" count="1"/>
      <line num="580" type="stmt" count="1"/>
      <line num="581" type="stmt" count="0"/>
      <line num="582" type="stmt" count="1"/>
      <line num="583" type="stmt" count="1"/>
      <line num="584" type="stmt" count="1"/>
      <line num="585" type="stmt" count="1"/>
      <line num="586" type="stmt" count="1"/>
      <line num="587" type="stmt" count="1"/>
      <line num="588" type="stmt" count="1"/>
      <line num="589" type="stmt" count="1"/>
      <line num="597" type="method" name="get_lecture_topics" visibility="public" complexity="3" crap="12" count="0"/>
      <line num="598" type="stmt" count="0"/>
      <line num="599" type="stmt" count="0"/>
      <line num="600" type="stmt" count="0"/>
      <line num="613" type="stmt" count="0"/>
      <line num="614" type="stmt" count="0"/>
      <line num="615" type="stmt" count="0"/>
      <line num="616" type="stmt" count="0"/>
      <line num="617" type="stmt" count="0"/>
      <line num="619" type="stmt" count="0"/>
      <line num="620" type="stmt" count="0"/>
      <line num="623" type="stmt" count="0"/>
      <line num="634" type="method" name="book_meeting" visibility="public" complexity="9" crap="9" count="1"/>
      <line num="635" type="stmt" count="1"/>
      <line num="636" type="stmt" count="1"/>
      <line num="638" type="stmt" count="1"/>
      <line num="639" type="stmt" count="1"/>
      <line num="640" type="stmt" count="1"/>
      <line num="641" type="stmt" count="1"/>
      <line num="644" type="stmt" count="1"/>
      <line num="646" type="stmt" count="1"/>
      <line num="647" type="stmt" count="1"/>
      <line num="648" type="stmt" count="1"/>
      <line num="649" type="stmt" count="1"/>
      <line num="650" type="stmt" count="1"/>
      <line num="652" type="stmt" count="1"/>
      <line num="653" type="stmt" count="1"/>
      <line num="654" type="stmt" count="1"/>
      <line num="655" type="stmt" count="1"/>
      <line num="656" type="stmt" count="1"/>
      <line num="659" type="stmt" count="1"/>
      <line num="660" type="stmt" count="1"/>
      <line num="661" type="stmt" count="1"/>
      <line num="662" type="stmt" count="1"/>
      <line num="663" type="stmt" count="1"/>
      <line num="664" type="stmt" count="1"/>
      <line num="665" type="stmt" count="0"/>
      <line num="668" type="stmt" count="1"/>
      <line num="669" type="stmt" count="1"/>
      <line num="670" type="stmt" count="1"/>
      <line num="671" type="stmt" count="1"/>
      <line num="674" type="method" name="get_timetable" visibility="public" complexity="4" crap="20" count="0"/>
      <line num="675" type="stmt" count="0"/>
      <line num="676" type="stmt" count="0"/>
      <line num="679" type="stmt" count="0"/>
      <line num="680" type="stmt" count="0"/>
      <line num="685" type="stmt" count="0"/>
      <line num="692" type="stmt" count="0"/>
      <line num="693" type="stmt" count="0"/>
      <line num="694" type="stmt" count="0"/>
      <line num="696" type="stmt" count="0"/>
      <line num="697" type="stmt" count="0"/>
      <line num="699" type="stmt" count="0"/>
      <line num="700" type="stmt" count="0"/>
      <line num="701" type="stmt" count="0"/>
      <line num="702" type="stmt" count="0"/>
      <line num="704" type="stmt" count="0"/>
      <metrics loc="705" ncloc="585" classes="1" methods="28" coveredmethods="8" conditionals="0" coveredconditionals="0" statements="331" coveredstatements="263" elements="359" coveredelements="271"/>
    </file>
    <file name="C:\xampp\htdocs\Group-J---Digital-Student-Record\classes\teacher.class.php">
      <class name="teacher" namespace="global">
        <metrics complexity="153" methods="32" coveredmethods="6" conditionals="0" coveredconditionals="0" statements="421" coveredstatements="344" elements="453" coveredelements="350"/>
      </class>
      <line num="8" type="method" name="__construct" visibility="public" complexity="1" crap="1" count="38"/>
      <line num="9" type="stmt" count="38"/>
      <line num="10" type="stmt" count="38"/>
      <line num="20" type="method" name="insert_new_lecture_topic" visibility="public" complexity="4" crap="4.02" count="4"/>
      <line num="26" type="stmt" count="4"/>
      <line num="28" type="stmt" count="4"/>
      <line num="30" type="stmt" count="4"/>
      <line num="31" type="stmt" count="2"/>
      <line num="32" type="stmt" count="2"/>
      <line num="33" type="stmt" count="2"/>
      <line num="44" type="stmt" count="2"/>
      <line num="45" type="stmt" count="0"/>
      <line num="46" type="stmt" count="2"/>
      <line num="47" type="stmt" count="2"/>
      <line num="57" type="method" name="modify_lecture_topic" visibility="public" complexity="8" crap="8.58" count="2"/>
      <line num="58" type="stmt" count="2"/>
      <line num="59" type="stmt" count="1"/>
      <line num="62" type="stmt" count="1"/>
      <line num="63" type="stmt" count="1"/>
      <line num="64" type="stmt" count="1"/>
      <line num="65" type="stmt" count="0"/>
      <line num="66" type="stmt" count="1"/>
      <line num="67" type="stmt" count="1"/>
      <line num="68" type="stmt" count="1"/>
      <line num="69" type="stmt" count="1"/>
      <line num="70" type="stmt" count="0"/>
      <line num="72" type="stmt" count="1"/>
      <line num="75" type="stmt" count="1"/>
      <line num="76" type="stmt" count="1"/>
      <line num="77" type="stmt" count="1"/>
      <line num="78" type="stmt" count="0"/>
      <line num="79" type="stmt" count="1"/>
      <line num="80" type="stmt" count="0"/>
      <line num="81" type="stmt" count="1"/>
      <line num="82" type="stmt" count="1"/>
      <line num="83" type="stmt" count="1"/>
      <line num="84" type="stmt" count="0"/>
      <line num="85" type="stmt" count="1"/>
      <line num="86" type="stmt" count="1"/>
      <line num="96" type="method" name="get_topics" visibility="public" complexity="4" crap="4.59" count="1"/>
      <line num="97" type="stmt" count="1"/>
      <line num="100" type="stmt" count="1"/>
      <line num="102" type="stmt" count="1"/>
      <line num="105" type="stmt" count="1"/>
      <line num="106" type="stmt" count="1"/>
      <line num="110" type="stmt" count="1"/>
      <line num="114" type="stmt" count="0"/>
      <line num="117" type="stmt" count="0"/>
      <line num="119" type="stmt" count="1"/>
      <line num="120" type="stmt" count="1"/>
      <line num="121" type="stmt" count="1"/>
      <line num="122" type="stmt" count="0"/>
      <line num="123" type="stmt" count="0"/>
      <line num="124" type="stmt" count="0"/>
      <line num="125" type="stmt" count="0"/>
      <line num="127" type="stmt" count="1"/>
      <line num="128" type="stmt" count="1"/>
      <line num="131" type="stmt" count="1"/>
      <line num="135" type="method" name="get_teacher_ID" visibility="public" complexity="2" crap="2" count="9"/>
      <line num="136" type="stmt" count="9"/>
      <line num="139" type="method" name="get_assigned_classes_names" visibility="public" complexity="3" crap="3.01" count="1"/>
      <line num="140" type="stmt" count="1"/>
      <line num="141" type="stmt" count="1"/>
      <line num="142" type="stmt" count="1"/>
      <line num="145" type="stmt" count="1"/>
      <line num="146" type="stmt" count="1"/>
      <line num="147" type="stmt" count="1"/>
      <line num="148" type="stmt" count="1"/>
      <line num="149" type="stmt" count="1"/>
      <line num="150" type="stmt" count="0"/>
      <line num="152" type="stmt" count="1"/>
      <line num="153" type="stmt" count="1"/>
      <line num="156" type="stmt" count="1"/>
      <line num="160" type="method" name="get_assigned_classes" visibility="public" complexity="3" crap="3.01" count="1"/>
      <line num="161" type="stmt" count="1"/>
      <line num="162" type="stmt" count="1"/>
      <line num="163" type="stmt" count="1"/>
      <line num="166" type="stmt" count="1"/>
      <line num="167" type="stmt" count="1"/>
      <line num="168" type="stmt" count="1"/>
      <line num="169" type="stmt" count="1"/>
      <line num="170" type="stmt" count="1"/>
      <line num="171" type="stmt" count="0"/>
      <line num="173" type="stmt" count="1"/>
      <line num="174" type="stmt" count="1"/>
      <line num="177" type="stmt" count="1"/>
      <line num="183" type="method" name="get_topics_record" visibility="public" complexity="3" crap="3" count="1"/>
      <line num="184" type="stmt" count="1"/>
      <line num="185" type="stmt" count="1"/>
      <line num="186" type="stmt" count="1"/>
      <line num="192" type="stmt" count="1"/>
      <line num="193" type="stmt" count="1"/>
      <line num="194" type="stmt" count="1"/>
      <line num="195" type="stmt" count="1"/>
      <line num="196" type="stmt" count="1"/>
      <line num="197" type="stmt" count="1"/>
      <line num="199" type="stmt" count="1"/>
      <line num="200" type="stmt" count="1"/>
      <line num="203" type="stmt" count="1"/>
      <line num="206" type="method" name="get_daily_absences" visibility="public" complexity="5" crap="5" count="1"/>
      <line num="207" type="stmt" count="1"/>
      <line num="208" type="stmt" count="1"/>
      <line num="209" type="stmt" count="1"/>
      <line num="210" type="stmt" count="1"/>
      <line num="214" type="stmt" count="1"/>
      <line num="215" type="stmt" count="1"/>
      <line num="216" type="stmt" count="1"/>
      <line num="217" type="stmt" count="1"/>
      <line num="218" type="stmt" count="1"/>
      <line num="219" type="stmt" count="1"/>
      <line num="220" type="stmt" count="1"/>
      <line num="223" type="stmt" count="1"/>
      <line num="226" type="method" name="get_lecture_by_id" visibility="public" complexity="2" crap="2.00" count="1"/>
      <line num="227" type="stmt" count="1"/>
      <line num="228" type="stmt" count="1"/>
      <line num="237" type="stmt" count="1"/>
      <line num="238" type="stmt" count="1"/>
      <line num="239" type="stmt" count="1"/>
      <line num="240" type="stmt" count="1"/>
      <line num="241" type="stmt" count="0"/>
      <line num="243" type="stmt" count="1"/>
      <line num="244" type="stmt" count="1"/>
      <line num="245" type="stmt" count="1"/>
      <line num="258" type="method" name="insert_grade" visibility="public" complexity="9" crap="9.06" count="1"/>
      <line num="259" type="stmt" count="1"/>
      <line num="260" type="stmt" count="1"/>
      <line num="262" type="stmt" count="1"/>
      <line num="263" type="stmt" count="1"/>
      <line num="265" type="stmt" count="1"/>
      <line num="267" type="stmt" count="1"/>
      <line num="269" type="stmt" count="1"/>
      <line num="270" type="stmt" count="1"/>
      <line num="271" type="stmt" count="1"/>
      <line num="272" type="stmt" count="1"/>
      <line num="274" type="stmt" count="0"/>
      <line num="286" type="method" name="register_absence" visibility="public" complexity="8" crap="8" count="2"/>
      <line num="287" type="stmt" count="2"/>
      <line num="288" type="stmt" count="2"/>
      <line num="289" type="stmt" count="1"/>
      <line num="290" type="stmt" count="2"/>
      <line num="291" type="stmt" count="2"/>
      <line num="292" type="stmt" count="2"/>
      <line num="294" type="stmt" count="2"/>
      <line num="295" type="stmt" count="2"/>
      <line num="296" type="stmt" count="2"/>
      <line num="297" type="stmt" count="2"/>
      <line num="299" type="stmt" count="2"/>
      <line num="300" type="stmt" count="2"/>
      <line num="301" type="stmt" count="2"/>
      <line num="304" type="stmt" count="1"/>
      <line num="316" type="method" name="is_teacher_of_the_student" visibility="public" complexity="3" crap="3.00" count="6"/>
      <line num="317" type="stmt" count="6"/>
      <line num="318" type="stmt" count="6"/>
      <line num="319" type="stmt" count="6"/>
      <line num="324" type="stmt" count="6"/>
      <line num="326" type="stmt" count="6"/>
      <line num="327" type="stmt" count="6"/>
      <line num="328" type="stmt" count="6"/>
      <line num="329" type="stmt" count="6"/>
      <line num="330" type="stmt" count="6"/>
      <line num="331" type="stmt" count="6"/>
      <line num="332" type="stmt" count="6"/>
      <line num="334" type="stmt" count="2"/>
      <line num="337" type="stmt" count="0"/>
      <line num="352" type="method" name="student_was_absent" visibility="public" complexity="3" crap="3.01" count="2"/>
      <line num="353" type="stmt" count="2"/>
      <line num="354" type="stmt" count="2"/>
      <line num="359" type="stmt" count="2"/>
      <line num="360" type="stmt" count="2"/>
      <line num="361" type="stmt" count="2"/>
      <line num="362" type="stmt" count="2"/>
      <line num="363" type="stmt" count="2"/>
      <line num="364" type="stmt" count="2"/>
      <line num="365" type="stmt" count="1"/>
      <line num="367" type="stmt" count="2"/>
      <line num="370" type="stmt" count="0"/>
      <line num="380" type="method" name="register_late_arrival" visibility="public" complexity="7" crap="7.66" count="1"/>
      <line num="381" type="stmt" count="1"/>
      <line num="383" type="stmt" count="1"/>
      <line num="385" type="stmt" count="1"/>
      <line num="387" type="stmt" count="1"/>
      <line num="388" type="stmt" count="1"/>
      <line num="390" type="stmt" count="1"/>
      <line num="394" type="stmt" count="1"/>
      <line num="395" type="stmt" count="1"/>
      <line num="397" type="stmt" count="1"/>
      <line num="399" type="stmt" count="1"/>
      <line num="400" type="stmt" count="1"/>
      <line num="401" type="stmt" count="1"/>
      <line num="403" type="stmt" count="1"/>
      <line num="404" type="stmt" count="0"/>
      <line num="405" type="stmt" count="0"/>
      <line num="406" type="stmt" count="0"/>
      <line num="408" type="stmt" count="1"/>
      <line num="409" type="stmt" count="1"/>
      <line num="410" type="stmt" count="1"/>
      <line num="413" type="stmt" count="0"/>
      <line num="414" type="stmt" count="0"/>
      <line num="425" type="method" name="register_early_exit" visibility="public" complexity="11" crap="12.24" count="2"/>
      <line num="426" type="stmt" count="2"/>
      <line num="427" type="stmt" count="2"/>
      <line num="429" type="stmt" count="2"/>
      <line num="431" type="stmt" count="1"/>
      <line num="433" type="stmt" count="1"/>
      <line num="435" type="stmt" count="1"/>
      <line num="436" type="stmt" count="1"/>
      <line num="438" type="stmt" count="1"/>
      <line num="442" type="stmt" count="1"/>
      <line num="443" type="stmt" count="1"/>
      <line num="445" type="stmt" count="1"/>
      <line num="447" type="stmt" count="1"/>
      <line num="448" type="stmt" count="1"/>
      <line num="449" type="stmt" count="1"/>
      <line num="451" type="stmt" count="1"/>
      <line num="452" type="stmt" count="0"/>
      <line num="453" type="stmt" count="0"/>
      <line num="454" type="stmt" count="0"/>
      <line num="456" type="stmt" count="1"/>
      <line num="457" type="stmt" count="1"/>
      <line num="458" type="stmt" count="1"/>
      <line num="461" type="stmt" count="0"/>
      <line num="462" type="stmt" count="0"/>
      <line num="474" type="method" name="insert_new_assignment" visibility="public" complexity="2" crap="2.01" count="1"/>
      <line num="475" type="stmt" count="1"/>
      <line num="478" type="stmt" count="1"/>
      <line num="479" type="stmt" count="1"/>
      <line num="480" type="stmt" count="0"/>
      <line num="482" type="stmt" count="1"/>
      <line num="484" type="stmt" count="1"/>
      <line num="488" type="stmt" count="1"/>
      <line num="490" type="stmt" count="1"/>
      <line num="491" type="stmt" count="1"/>
      <line num="495" type="method" name="is_logged" visibility="public" complexity="2" crap="2" count="1"/>
      <line num="496" type="stmt" count="1"/>
      <line num="497" type="stmt" count="1"/>
      <line num="500" type="method" name="get_uploaded_material" visibility="public" complexity="4" crap="4.01" count="1"/>
      <line num="502" type="stmt" count="1"/>
      <line num="503" type="stmt" count="1"/>
      <line num="504" type="stmt" count="1"/>
      <line num="506" type="stmt" count="1"/>
      <line num="513" type="stmt" count="1"/>
      <line num="514" type="stmt" count="1"/>
      <line num="515" type="stmt" count="0"/>
      <line num="517" type="stmt" count="1"/>
      <line num="518" type="stmt" count="1"/>
      <line num="519" type="stmt" count="1"/>
      <line num="520" type="stmt" count="1"/>
      <line num="521" type="stmt" count="1"/>
      <line num="522" type="stmt" count="1"/>
      <line num="525" type="stmt" count="1"/>
      <line num="544" type="method" name="insert_material" visibility="public" complexity="2" crap="2.01" count="1"/>
      <line num="548" type="stmt" count="1"/>
      <line num="550" type="stmt" count="1"/>
      <line num="554" type="stmt" count="1"/>
      <line num="555" type="stmt" count="1"/>
      <line num="556" type="stmt" count="0"/>
      <line num="558" type="stmt" count="1"/>
      <line num="559" type="stmt" count="1"/>
      <line num="565" type="method" name="register_note_record" visibility="public" complexity="4" crap="4.03" count="3"/>
      <line num="566" type="stmt" count="3"/>
      <line num="567" type="stmt" count="1"/>
      <line num="568" type="stmt" count="3"/>
      <line num="569" type="stmt" count="3"/>
      <line num="570" type="stmt" count="3"/>
      <line num="571" type="stmt" count="0"/>
      <line num="572" type="stmt" count="3"/>
      <line num="573" type="stmt" count="3"/>
      <line num="576" type="method" name="register_new_note" visibility="public" complexity="11" crap="12.13" count="1"/>
      <line num="577" type="stmt" count="1"/>
      <line num="578" type="stmt" count="1"/>
      <line num="580" type="stmt" count="1"/>
      <line num="582" type="stmt" count="1"/>
      <line num="583" type="stmt" count="1"/>
      <line num="584" type="stmt" count="1"/>
      <line num="585" type="stmt" count="1"/>
      <line num="586" type="stmt" count="0"/>
      <line num="587" type="stmt" count="1"/>
      <line num="589" type="stmt" count="1"/>
      <line num="590" type="stmt" count="0"/>
      <line num="591" type="stmt" count="1"/>
      <line num="597" type="stmt" count="1"/>
      <line num="598" type="stmt" count="0"/>
      <line num="599" type="stmt" count="1"/>
      <line num="600" type="stmt" count="1"/>
      <line num="601" type="stmt" count="0"/>
      <line num="602" type="stmt" count="1"/>
      <line num="604" type="stmt" count="1"/>
      <line num="607" type="method" name="get_coordinated_class" visibility="public" complexity="5" crap="5.25" count="1"/>
      <line num="608" type="stmt" count="1"/>
      <line num="609" type="stmt" count="1"/>
      <line num="610" type="stmt" count="1"/>
      <line num="611" type="stmt" count="1"/>
      <line num="612" type="stmt" count="0"/>
      <line num="613" type="stmt" count="1"/>
      <line num="614" type="stmt" count="1"/>
      <line num="615" type="stmt" count="0"/>
      <line num="616" type="stmt" count="1"/>
      <line num="617" type="stmt" count="1"/>
      <line num="618" type="stmt" count="1"/>
      <line num="619" type="stmt" count="1"/>
      <line num="622" type="stmt" count="0"/>
      <line num="624" type="stmt" count="1"/>
      <line num="627" type="method" name="has_final_grades" visibility="public" complexity="7" crap="7.68" count="1"/>
      <line num="628" type="stmt" count="1"/>
      <line num="629" type="stmt" count="1"/>
      <line num="630" type="stmt" count="1"/>
      <line num="631" type="stmt" count="0"/>
      <line num="632" type="stmt" count="1"/>
      <line num="633" type="stmt" count="1"/>
      <line num="634" type="stmt" count="0"/>
      <line num="635" type="stmt" count="1"/>
      <line num="636" type="stmt" count="1"/>
      <line num="637" type="stmt" count="1"/>
      <line num="638" type="stmt" count="1"/>
      <line num="639" type="stmt" count="1"/>
      <line num="640" type="stmt" count="1"/>
      <line num="641" type="stmt" count="1"/>
      <line num="642" type="stmt" count="1"/>
      <line num="643" type="stmt" count="0"/>
      <line num="644" type="stmt" count="1"/>
      <line num="645" type="stmt" count="1"/>
      <line num="646" type="stmt" count="1"/>
      <line num="647" type="stmt" count="1"/>
      <line num="648" type="stmt" count="1"/>
      <line num="649" type="stmt" count="0"/>
      <line num="651" type="stmt" count="1"/>
      <line num="655" type="stmt" count="0"/>
      <line num="657" type="stmt" count="0"/>
      <line num="659" type="method" name="get_actual_term" visibility="public" complexity="4" crap="4.25" count="1"/>
      <line num="661" type="stmt" count="1"/>
      <line num="662" type="stmt" count="1"/>
      <line num="663" type="stmt" count="1"/>
      <line num="664" type="stmt" count="0"/>
      <line num="665" type="stmt" count="1"/>
      <line num="666" type="stmt" count="1"/>
      <line num="667" type="stmt" count="0"/>
      <line num="668" type="stmt" count="1"/>
      <line num="669" type="stmt" count="1"/>
      <line num="670" type="stmt" count="1"/>
      <line num="671" type="stmt" count="1"/>
      <line num="673" type="stmt" count="0"/>
      <line num="678" type="method" name="get_missing_term_marks" visibility="public" complexity="5" crap="5.25" count="1"/>
      <line num="679" type="stmt" count="1"/>
      <line num="680" type="stmt" count="1"/>
      <line num="681" type="stmt" count="1"/>
      <line num="684" type="stmt" count="1"/>
      <line num="685" type="stmt" count="0"/>
      <line num="686" type="stmt" count="1"/>
      <line num="687" type="stmt" count="1"/>
      <line num="688" type="stmt" count="0"/>
      <line num="689" type="stmt" count="1"/>
      <line num="690" type="stmt" count="1"/>
      <line num="691" type="stmt" count="1"/>
      <line num="692" type="stmt" count="1"/>
      <line num="695" type="stmt" count="0"/>
      <line num="697" type="stmt" count="1"/>
      <line num="705" type="method" name="get_student_stamp_by_id" visibility="public" complexity="4" crap="4.07" count="1"/>
      <line num="706" type="stmt" count="1"/>
      <line num="707" type="stmt" count="1"/>
      <line num="708" type="stmt" count="1"/>
      <line num="709" type="stmt" count="0"/>
      <line num="710" type="stmt" count="1"/>
      <line num="711" type="stmt" count="1"/>
      <line num="712" type="stmt" count="0"/>
      <line num="713" type="stmt" count="1"/>
      <line num="714" type="stmt" count="1"/>
      <line num="715" type="stmt" count="1"/>
      <line num="716" type="stmt" count="1"/>
      <line num="718" type="stmt" count="1"/>
      <line num="728" type="method" name="get_average_mark_for_topic" visibility="public" complexity="4" crap="4.07" count="1"/>
      <line num="729" type="stmt" count="1"/>
      <line num="730" type="stmt" count="1"/>
      <line num="734" type="stmt" count="1"/>
      <line num="735" type="stmt" count="0"/>
      <line num="736" type="stmt" count="1"/>
      <line num="737" type="stmt" count="1"/>
      <line num="738" type="stmt" count="0"/>
      <line num="739" type="stmt" count="1"/>
      <line num="740" type="stmt" count="1"/>
      <line num="741" type="stmt" count="1"/>
      <line num="742" type="stmt" count="1"/>
      <line num="744" type="stmt" count="1"/>
      <line num="754" type="method" name="set_final_grade" visibility="public" complexity="6" crap="6.04" count="1"/>
      <line num="758" type="stmt" count="1"/>
      <line num="760" type="stmt" count="1"/>
      <line num="761" type="stmt" count="1"/>
      <line num="762" type="stmt" count="1"/>
      <line num="763" type="stmt" count="1"/>
      <line num="764" type="stmt" count="1"/>
      <line num="765" type="stmt" count="0"/>
      <line num="766" type="stmt" count="1"/>
      <line num="767" type="stmt" count="1"/>
      <line num="768" type="stmt" count="1"/>
      <line num="777" type="method" name="get_specificclassid_by_student" visibility="public" complexity="4" crap="4.07" count="2"/>
      <line num="778" type="stmt" count="2"/>
      <line num="779" type="stmt" count="2"/>
      <line num="780" type="stmt" count="2"/>
      <line num="781" type="stmt" count="0"/>
      <line num="782" type="stmt" count="2"/>
      <line num="783" type="stmt" count="2"/>
      <line num="784" type="stmt" count="0"/>
      <line num="785" type="stmt" count="2"/>
      <line num="786" type="stmt" count="2"/>
      <line num="787" type="stmt" count="2"/>
      <line num="788" type="stmt" count="2"/>
      <line num="790" type="stmt" count="1"/>
      <line num="799" type="method" name="get_students_by_class_id" visibility="public" complexity="4" crap="4.01" count="2"/>
      <line num="800" type="stmt" count="2"/>
      <line num="801" type="stmt" count="2"/>
      <line num="802" type="stmt" count="2"/>
      <line num="806" type="stmt" count="2"/>
      <line num="807" type="stmt" count="0"/>
      <line num="808" type="stmt" count="2"/>
      <line num="809" type="stmt" count="2"/>
      <line num="810" type="stmt" count="2"/>
      <line num="811" type="stmt" count="2"/>
      <line num="812" type="stmt" count="2"/>
      <line num="813" type="stmt" count="2"/>
      <line num="816" type="stmt" count="2"/>
      <line num="829" type="method" name="add_availability" visibility="public" complexity="9" crap="22.15" count="1"/>
      <line num="830" type="stmt" count="1"/>
      <line num="831" type="stmt" count="1"/>
      <line num="834" type="stmt" count="1"/>
      <line num="835" type="stmt" count="1"/>
      <line num="836" type="stmt" count="1"/>
      <line num="837" type="stmt" count="1"/>
      <line num="839" type="stmt" count="1"/>
      <line num="840" type="stmt" count="1"/>
      <line num="841" type="stmt" count="0"/>
      <line num="843" type="stmt" count="1"/>
      <line num="844" type="stmt" count="1"/>
      <line num="845" type="stmt" count="0"/>
      <line num="848" type="stmt" count="1"/>
      <line num="849" type="stmt" count="1"/>
      <line num="850" type="stmt" count="1"/>
      <line num="851" type="stmt" count="1"/>
      <line num="852" type="stmt" count="1"/>
      <line num="854" type="stmt" count="0"/>
      <line num="855" type="stmt" count="0"/>
      <line num="856" type="stmt" count="0"/>
      <line num="858" type="stmt" count="0"/>
      <line num="859" type="stmt" count="0"/>
      <line num="860" type="stmt" count="0"/>
      <line num="861" type="stmt" count="0"/>
      <line num="862" type="stmt" count="0"/>
      <line num="863" type="stmt" count="0"/>
      <line num="865" type="stmt" count="0"/>
      <line num="866" type="stmt" count="0"/>
      <line num="868" type="stmt" count="0"/>
      <line num="869" type="stmt" count="0"/>
      <line num="870" type="stmt" count="0"/>
      <line num="871" type="stmt" count="0"/>
      <line num="873" type="stmt" count="0"/>
      <metrics loc="877" ncloc="651" classes="1" methods="32" coveredmethods="6" conditionals="0" coveredconditionals="0" statements="421" coveredstatements="344" elements="453" coveredelements="350"/>
    </file>
    <file name="C:\xampp\htdocs\Group-J---Digital-Student-Record\classes\user.class.php">
      <class name="user" namespace="global">
        <metrics complexity="67" methods="30" coveredmethods="19" conditionals="0" coveredconditionals="0" statements="173" coveredstatements="84" elements="203" coveredelements="103"/>
      </class>
      <line num="11" type="method" name="__construct" visibility="public" complexity="1" crap="1" count="97"/>
      <line num="12" type="stmt" count="97"/>
      <line num="15" type="method" name="connectMySQL" visibility="protected" complexity="2" crap="2.26" count="71"/>
      <line num="16" type="stmt" count="71"/>
      <line num="18" type="stmt" count="71"/>
      <line num="19" type="stmt" count="0"/>
      <line num="20" type="stmt" count="0"/>
      <line num="22" type="stmt" count="71"/>
      <line num="30" type="method" name="get_user_group_table_name" complexity="2" crap="2" count="1"/>
      <line num="31" type="stmt" count="1"/>
      <line num="32" type="stmt" count="1"/>
      <line num="33" type="stmt" count="1"/>
      <line num="42" type="method" name="user_login" complexity="8" crap="8.83" count="1"/>
      <line num="43" type="stmt" count="1"/>
      <line num="44" type="stmt" count="1"/>
      <line num="45" type="stmt" count="1"/>
      <line num="47" type="stmt" count="1"/>
      <line num="48" type="stmt" count="1"/>
      <line num="49" type="stmt" count="0"/>
      <line num="50" type="stmt" count="0"/>
      <line num="55" type="stmt" count="1"/>
      <line num="56" type="stmt" count="1"/>
      <line num="57" type="stmt" count="1"/>
      <line num="58" type="stmt" count="1"/>
      <line num="59" type="stmt" count="0"/>
      <line num="60" type="stmt" count="0"/>
      <line num="63" type="stmt" count="1"/>
      <line num="64" type="stmt" count="1"/>
      <line num="66" type="stmt" count="1"/>
      <line num="67" type="stmt" count="0"/>
      <line num="69" type="stmt" count="1"/>
      <line num="70" type="stmt" count="1"/>
      <line num="76" type="stmt" count="1"/>
      <line num="77" type="stmt" count="1"/>
      <line num="78" type="stmt" count="1"/>
      <line num="79" type="stmt" count="1"/>
      <line num="80" type="stmt" count="1"/>
      <line num="82" type="stmt" count="1"/>
      <line num="83" type="stmt" count="1"/>
      <line num="84" type="stmt" count="1"/>
      <line num="86" type="stmt" count="0"/>
      <line num="87" type="stmt" count="0"/>
      <line num="89" type="stmt" count="1"/>
      <line num="93" type="stmt" count="0"/>
      <line num="95" type="stmt" count="1"/>
      <line num="96" type="stmt" count="1"/>
      <line num="98" type="stmt" count="1"/>
      <line num="106" type="method" name="set_specific_ID" visibility="private" complexity="4" crap="20" count="0"/>
      <line num="107" type="stmt" count="0"/>
      <line num="108" type="stmt" count="0"/>
      <line num="109" type="stmt" count="0"/>
      <line num="110" type="stmt" count="0"/>
      <line num="111" type="stmt" count="0"/>
      <line num="112" type="stmt" count="0"/>
      <line num="113" type="stmt" count="0"/>
      <line num="114" type="stmt" count="0"/>
      <line num="115" type="stmt" count="0"/>
      <line num="116" type="stmt" count="0"/>
      <line num="118" type="stmt" count="0"/>
      <line num="120" type="stmt" count="0"/>
      <line num="122" type="method" name="set_session_usergroup" visibility="public" complexity="5" crap="5.93" count="1"/>
      <line num="125" type="stmt" count="1"/>
      <line num="127" type="stmt" count="1"/>
      <line num="128" type="stmt" count="1"/>
      <line num="130" type="stmt" count="1"/>
      <line num="131" type="stmt" count="0"/>
      <line num="133" type="stmt" count="1"/>
      <line num="134" type="stmt" count="1"/>
      <line num="135" type="stmt" count="1"/>
      <line num="137" type="stmt" count="1"/>
      <line num="138" type="stmt" count="1"/>
      <line num="140" type="stmt" count="1"/>
      <line num="141" type="stmt" count="1"/>
      <line num="142" type="stmt" count="0"/>
      <line num="143" type="stmt" count="0"/>
      <line num="144" type="stmt" count="0"/>
      <line num="146" type="stmt" count="1"/>
      <line num="147" type="stmt" count="1"/>
      <line num="149" type="stmt" count="1"/>
      <line num="150" type="stmt" count="1"/>
      <line num="151" type="stmt" count="1"/>
      <line num="153" type="stmt" count="0"/>
      <line num="154" type="stmt" count="0"/>
      <line num="156" type="stmt" count="0"/>
      <line num="160" type="stmt" count="0"/>
      <line num="163" type="method" name="select_usergroup" visibility="public" complexity="3" crap="12" count="0"/>
      <line num="164" type="stmt" count="0"/>
      <line num="165" type="stmt" count="0"/>
      <line num="170" type="stmt" count="0"/>
      <line num="171" type="stmt" count="0"/>
      <line num="172" type="stmt" count="0"/>
      <line num="176" type="stmt" count="0"/>
      <line num="177" type="stmt" count="0"/>
      <line num="180" type="method" name="retrieve_usergroups" visibility="public" complexity="5" crap="30" count="0"/>
      <line num="181" type="stmt" count="0"/>
      <line num="182" type="stmt" count="0"/>
      <line num="184" type="stmt" count="0"/>
      <line num="185" type="stmt" count="0"/>
      <line num="186" type="stmt" count="0"/>
      <line num="187" type="stmt" count="0"/>
      <line num="190" type="stmt" count="0"/>
      <line num="191" type="stmt" count="0"/>
      <line num="192" type="stmt" count="0"/>
      <line num="193" type="stmt" count="0"/>
      <line num="194" type="stmt" count="0"/>
      <line num="195" type="stmt" count="0"/>
      <line num="198" type="stmt" count="0"/>
      <line num="199" type="stmt" count="0"/>
      <line num="200" type="stmt" count="0"/>
      <line num="201" type="stmt" count="0"/>
      <line num="205" type="stmt" count="0"/>
      <line num="206" type="stmt" count="0"/>
      <line num="207" type="stmt" count="0"/>
      <line num="211" type="method" name="retrieve_user_id_by_usergroup" visibility="public" complexity="3" crap="12" count="0"/>
      <line num="212" type="stmt" count="0"/>
      <line num="213" type="stmt" count="0"/>
      <line num="214" type="stmt" count="0"/>
      <line num="215" type="stmt" count="0"/>
      <line num="216" type="stmt" count="0"/>
      <line num="217" type="stmt" count="0"/>
      <line num="218" type="stmt" count="0"/>
      <line num="221" type="stmt" count="0"/>
      <line num="222" type="stmt" count="0"/>
      <line num="223" type="stmt" count="0"/>
      <line num="224" type="stmt" count="0"/>
      <line num="225" type="stmt" count="0"/>
      <line num="226" type="stmt" count="0"/>
      <line num="229" type="stmt" count="0"/>
      <line num="240" type="method" name="set_logged" visibility="protected" complexity="1" crap="1" count="1"/>
      <line num="241" type="stmt" count="1"/>
      <line num="242" type="stmt" count="1"/>
      <line num="248" type="method" name="set_admin" visibility="protected" complexity="1" crap="2" count="0"/>
      <line num="249" type="stmt" count="0"/>
      <line num="250" type="stmt" count="0"/>
      <line num="256" type="method" name="set_username" visibility="protected" complexity="1" crap="1" count="1"/>
      <line num="257" type="stmt" count="1"/>
      <line num="258" type="stmt" count="1"/>
      <line num="265" type="method" name="set_usergroup" visibility="protected" complexity="1" crap="1" count="1"/>
      <line num="266" type="stmt" count="1"/>
      <line num="267" type="stmt" count="1"/>
      <line num="274" type="method" name="set_name" visibility="protected" complexity="1" crap="1" count="1"/>
      <line num="275" type="stmt" count="1"/>
      <line num="276" type="stmt" count="1"/>
      <line num="283" type="method" name="set_surname" visibility="protected" complexity="1" crap="1" count="1"/>
      <line num="284" type="stmt" count="1"/>
      <line num="285" type="stmt" count="1"/>
      <line num="291" type="method" name="set_base_url" visibility="protected" complexity="1" crap="1" count="1"/>
      <line num="292" type="stmt" count="1"/>
      <line num="293" type="stmt" count="1"/>
      <line num="305" type="method" name="is_logged" visibility="public" complexity="1" crap="1" count="4"/>
      <line num="306" type="stmt" count="4"/>
      <line num="314" type="method" name="get_username" visibility="public" complexity="2" crap="2" count="1"/>
      <line num="315" type="stmt" count="1"/>
      <line num="322" type="method" name="get_name" visibility="public" complexity="2" crap="2" count="1"/>
      <line num="323" type="stmt" count="1"/>
      <line num="330" type="method" name="get_surname" visibility="public" complexity="2" crap="2" count="1"/>
      <line num="331" type="stmt" count="1"/>
      <line num="338" type="method" name="get_usergroup" visibility="public" complexity="2" crap="2" count="1"/>
      <line num="339" type="stmt" count="1"/>
      <line num="346" type="method" name="get_id" visibility="public" complexity="2" crap="2" count="4"/>
      <line num="347" type="stmt" count="4"/>
      <line num="354" type="method" name="get_base_url" visibility="public" complexity="2" crap="2" count="1"/>
      <line num="355" type="stmt" count="1"/>
      <line num="360" type="method" name="get_error" visibility="public" complexity="2" crap="6" count="0"/>
      <line num="361" type="stmt" count="0"/>
      <line num="362" type="stmt" count="0"/>
      <line num="363" type="stmt" count="0"/>
      <line num="365" type="stmt" count="0"/>
      <line num="367" type="stmt" count="0"/>
      <line num="374" type="method" name="get_link_logout" visibility="public" complexity="2" crap="2" count="1"/>
      <line num="375" type="stmt" count="1"/>
      <line num="376" type="stmt" count="1"/>
      <line num="378" type="stmt" count="1"/>
      <line num="394" type="method" name="random_str" visibility="protected" complexity="3" crap="3.03" count="4"/>
      <line num="395" type="stmt" count="4"/>
      <line num="396" type="stmt" count="4"/>
      <line num="397" type="stmt" count="4"/>
      <line num="398" type="stmt" count="0"/>
      <line num="400" type="stmt" count="4"/>
      <line num="401" type="stmt" count="4"/>
      <line num="403" type="stmt" count="4"/>
      <line num="411" type="method" name="is_email" visibility="public" complexity="1" crap="1" count="1"/>
      <line num="412" type="stmt" count="1"/>
      <line num="413" type="stmt" count="1"/>
      <line num="421" type="method" name="is_secure_password" visibility="public" complexity="2" crap="2" count="1"/>
      <line num="422" type="stmt" count="1"/>
      <line num="423" type="stmt" count="1"/>
      <line num="425" type="stmt" count="1"/>
      <line num="434" type="method" name="check_fiscal_code" visibility="public" complexity="1" crap="1" count="4"/>
      <line num="435" type="stmt" count="4"/>
      <line num="436" type="stmt" count="4"/>
      <line num="440" type="method" name="get_class_stamp_by_id" visibility="public" complexity="3" crap="12" count="0"/>
      <line num="441" type="stmt" count="0"/>
      <line num="443" type="stmt" count="0"/>
      <line num="444" type="stmt" count="0"/>
      <line num="445" type="stmt" count="0"/>
      <line num="446" type="stmt" count="0"/>
      <line num="447" type="stmt" count="0"/>
      <line num="448" type="stmt" count="0"/>
      <line num="449" type="stmt" count="0"/>
      <line num="450" type="stmt" count="0"/>
      <line num="452" type="stmt" count="0"/>
      <line num="453" type="stmt" count="0"/>
      <metrics loc="458" ncloc="310" classes="1" methods="30" coveredmethods="19" conditionals="0" coveredconditionals="0" statements="173" coveredstatements="84" elements="203" coveredelements="103"/>
    </file>
    <metrics files="6" loc="2971" ncloc="2214" classes="6" methods="127" coveredmethods="46" conditionals="0" coveredconditionals="0" statements="1390" coveredstatements="1058" elements="1517" coveredelements="1104"/>
  </project>
</coverage>
